<?xml version="1.0" encoding="UTF-8" ?>
<testsuite tests="3" failures="3" name="com.sg.classroster.dao.ClassRosterDaoFileImplTest" time="0.002" errors="0" skipped="0">
  <properties>
    <property name="java.runtime.name" value="OpenJDK Runtime Environment"/>
    <property name="java.vm.version" value="11.0.15+10"/>
    <property name="sun.boot.library.path" value="C:\Program Files\Eclipse Adoptium\jdk-11.0.15.10-hotspot\bin"/>
    <property name="maven.multiModuleProjectDirectory" value="E:\School\Wiley\C240\ClassRosterJUnit"/>
    <property name="java.vm.vendor" value="Eclipse Adoptium"/>
    <property name="java.vendor.url" value="https://adoptium.net/"/>
    <property name="guice.disable.misplaced.annotation.check" value="true"/>
    <property name="path.separator" value=";"/>
    <property name="java.vm.name" value="OpenJDK 64-Bit Server VM"/>
    <property name="sun.os.patch.level" value=""/>
    <property name="user.script" value=""/>
    <property name="user.country" value="US"/>
    <property name="sun.java.launcher" value="SUN_STANDARD"/>
    <property name="test" value="com.sg.classroster.dao.ClassRosterDaoFileImplTest"/>
    <property name="java.vm.specification.name" value="Java Virtual Machine Specification"/>
    <property name="user.dir" value="E:\School\Wiley\C240\ClassRosterJUnit"/>
    <property name="java.vm.compressedOopsMode" value="Zero based"/>
    <property name="java.runtime.version" value="11.0.15+10"/>
    <property name="java.awt.graphicsenv" value="sun.awt.Win32GraphicsEnvironment"/>
    <property name="os.arch" value="amd64"/>
    <property name="java.io.tmpdir" value="C:\Users\Sumeet\AppData\Local\Temp\"/>
    <property name="line.separator" value="
"/>
    <property name="java.vm.specification.vendor" value="Oracle Corporation"/>
    <property name="user.variant" value=""/>
    <property name="os.name" value="Windows 10"/>
    <property name="maven.ext.class.path" value="C:\Program Files\NetBeans-12.0\netbeans\java\maven-nblib\netbeans-eventspy.jar"/>
    <property name="classworlds.conf" value="C:\Program Files\NetBeans-12.0\netbeans\java\maven\bin\..\bin\m2.conf"/>
    <property name="sun.jnu.encoding" value="Cp1252"/>
    <property name="java.library.path" value="C:\Program Files\Eclipse Adoptium\jdk-11.0.15.10-hotspot\bin;C:\WINDOWS\Sun\Java\bin;C:\WINDOWS\system32;C:\WINDOWS;C:\Program Files\Eclipse Adoptium\jdk-11.0.15.10-hotspot\bin;C:\Program Files\Eclipse Adoptium\jdk-17.0.1.12-hotspot\bin;C:\Program Files (x86)\Common Files\Oracle\Java\javapath;C:\Program Files (x86)\Razer\ChromaBroadcast\bin;C:\Program Files\Razer\ChromaBroadcast\bin;C:\Program Files (x86)\Razer Chroma SDK\bin;C:\Program Files\Razer Chroma SDK\bin;C:\ProgramData\Oracle\Java\javapath;C:\Program Files (x86)\NVIDIA Corporation\PhysX\Common;C:\Program Files (x86)\Intel\iCLS Client\;C:\Program Files\Intel\iCLS Client\;C:\WINDOWS\system32;C:\WINDOWS;C:\WINDOWS\System32\Wbem;C:\WINDOWS\System32\WindowsPowerShell\v1.0\;C:\Program Files (x86)\Intel\OpenCL SDK\3.0\bin\x86;C:\Program Files (x86)\Intel\OpenCL SDK\3.0\bin\x64;C:\Program Files\Intel\Intel(R) Management Engine Components\DAL;C:\Program Files\Intel\Intel(R) Management Engine Components\IPT;C:\Program Files (x86)\Intel\Intel(R) Management Engine Components\DAL;C:\Program Files (x86)\Intel\Intel(R) Management Engine Components\IPT;C:\Program Files (x86)\Windows Kits\8.1\Windows Performance Toolkit\;C:\Program Files\Microsoft SQL Server\110\Tools\Binn\;E:\Programs\QTSystem\;C:\Program Files (x86)\GtkSharp\2.12\bin;E:\Programs\SqliteBrowser3\bin;E:\Programs\GPG4WIN\pub;C:\WINDOWS\System32\OpenSSH\;C:\Program Files\NVIDIA Corporation\NVIDIA NvDLISR;F:\Programs\PuTTY\;C:\Python37\Scripts\;C:\Python37\;C:\Python35\Scripts\;C:\Python35\;C:\Users\Sumeet\AppData\Local\Microsoft\WindowsApps;C:\Users\Sumeet\AppData\Local\GitHubDesktop\bin;E:\Programs\Calibre\;C:\WINDOWS\system32;C:\WINDOWS;C:\WINDOWS\System32\Wbem;C:\WINDOWS\System32\WindowsPowerShell\v1.0\;C:\WINDOWS\System32\OpenSSH\;C:\Program Files\nodejs\;C:\Program Files\Git\cmd;C:\Python37\Scripts\;C:\Python37\;C:\Python35\Scripts\;C:\Python35\;E:\Programs\SqliteBrowser3\bin;C:\Users\Sumeet\AppData\Local\Microsoft\WindowsApps;C:\Users\Sumeet\AppData\Local\GitHubDesktop\bin;E:\Programs\MiKTeX\miktex\bin\x64\;E:\Programs\Microsoft VS Code\bin;C:\Program Files\Graphviz\bin;C:\Users\Sumeet\AppData\Roaming\npm;."/>
    <property name="maven.conf" value="C:\Program Files\NetBeans-12.0\netbeans\java\maven\bin\../conf"/>
    <property name="jdk.debug" value="release"/>
    <property name="java.class.version" value="55.0"/>
    <property name="java.specification.name" value="Java Platform API Specification"/>
    <property name="sun.management.compiler" value="HotSpot 64-Bit Tiered Compilers"/>
    <property name="os.version" value="10.0"/>
    <property name="library.jansi.path" value="C:\Program Files\NetBeans-12.0\netbeans\java\maven\bin\..\lib\jansi-native"/>
    <property name="user.home" value="C:\Users\Sumeet"/>
    <property name="user.timezone" value="America/New_York"/>
    <property name="java.awt.printerjob" value="sun.awt.windows.WPrinterJob"/>
    <property name="file.encoding" value="UTF-8"/>
    <property name="java.specification.version" value="11"/>
    <property name="user.name" value="Sumeet"/>
    <property name="java.class.path" value="C:\Program Files\NetBeans-12.0\netbeans\java\maven\bin\..\boot\plexus-classworlds-2.6.0.jar"/>
    <property name="java.vm.specification.version" value="11"/>
    <property name="sun.arch.data.model" value="64"/>
    <property name="sun.java.command" value="org.codehaus.plexus.classworlds.launcher.Launcher -Dtest=com.sg.classroster.dao.ClassRosterDaoFileImplTest -Dmaven.ext.class.path=C:\Program Files\NetBeans-12.0\netbeans\java\maven-nblib\netbeans-eventspy.jar -Dfile.encoding=UTF-8 test-compile surefire:test"/>
    <property name="java.home" value="C:\Program Files\Eclipse Adoptium\jdk-11.0.15.10-hotspot"/>
    <property name="user.language" value="en"/>
    <property name="java.specification.vendor" value="Oracle Corporation"/>
    <property name="awt.toolkit" value="sun.awt.windows.WToolkit"/>
    <property name="java.vm.info" value="mixed mode"/>
    <property name="java.version" value="11.0.15"/>
    <property name="java.vendor" value="Eclipse Adoptium"/>
    <property name="maven.home" value="C:\Program Files\NetBeans-12.0\netbeans\java\maven\bin\.."/>
    <property name="file.separator" value="\"/>
    <property name="java.version.date" value="2022-04-19"/>
    <property name="java.vendor.url.bug" value="https://github.com/adoptium/adoptium-support/issues"/>
    <property name="sun.io.unicode.encoding" value="UnicodeLittle"/>
    <property name="sun.cpu.endian" value="little"/>
    <property name="java.vendor.version" value="Temurin-11.0.15+10"/>
    <property name="sun.desktop" value="windows"/>
    <property name="sun.cpu.isalist" value="amd64"/>
  </properties>
  <testcase classname="com.sg.classroster.dao.ClassRosterDaoFileImplTest" name="com.sg.classroster.dao.ClassRosterDaoFileImplTest.testAddGetStudent" time="0.002">
    <failure type="java.lang.NullPointerException">java.lang.NullPointerException
	at com.sg.classroster.dao.ClassRosterDaoFileImplTest.testAddGetStudent(ClassRosterDaoFileImplTest.java:51)
</failure>
  </testcase>
  <testcase classname="com.sg.classroster.dao.ClassRosterDaoFileImplTest" name="com.sg.classroster.dao.ClassRosterDaoFileImplTest.testRemoveStudent" time="0">
    <failure type="java.lang.NullPointerException">java.lang.NullPointerException
	at com.sg.classroster.dao.ClassRosterDaoFileImplTest.testRemoveStudent(ClassRosterDaoFileImplTest.java:117)
</failure>
  </testcase>
  <testcase classname="com.sg.classroster.dao.ClassRosterDaoFileImplTest" name="com.sg.classroster.dao.ClassRosterDaoFileImplTest.testAddGetAllStudents" time="0">
    <failure type="java.lang.NullPointerException">java.lang.NullPointerException
	at com.sg.classroster.dao.ClassRosterDaoFileImplTest.testAddGetAllStudents(ClassRosterDaoFileImplTest.java:85)
</failure>
  </testcase>
</testsuite>